Copyright 1986-2017 Xilinx, Inc. All Rights Reserved.
-----------------------------------------------------------------------------------------------
| Tool Version : Vivado v.2017.2 (lin64) Build 1909853 Thu Jun 15 18:39:10 MDT 2017
| Date         : Sat Mar 30 18:08:22 2019
| Host         : linux-e4n3 running 64-bit openSUSE Leap 42.2
| Command      : report_control_sets -verbose -file lab2_block_wrapper_control_sets_placed.rpt
| Design       : lab2_block_wrapper
| Device       : xc7z020
-----------------------------------------------------------------------------------------------

Control Set Information

Table of Contents
-----------------
1. Summary
2. Flip-Flop Distribution
3. Detailed Control Set Information

1. Summary
----------

+----------------------------------------------------------+-------+
|                          Status                          | Count |
+----------------------------------------------------------+-------+
| Number of unique control sets                            |    55 |
| Unused register locations in slices containing registers |    96 |
+----------------------------------------------------------+-------+


2. Flip-Flop Distribution
-------------------------

+--------------+-----------------------+------------------------+-----------------+--------------+
| Clock Enable | Synchronous Set/Reset | Asynchronous Set/Reset | Total Registers | Total Slices |
+--------------+-----------------------+------------------------+-----------------+--------------+
| No           | No                    | No                     |             192 |           64 |
| No           | No                    | Yes                    |              11 |            4 |
| No           | Yes                   | No                     |             169 |           54 |
| Yes          | No                    | No                     |             471 |           98 |
| Yes          | No                    | Yes                    |               0 |            0 |
| Yes          | Yes                   | No                     |             205 |           51 |
+--------------+-----------------------+------------------------+-----------------+--------------+


3. Detailed Control Set Information
-----------------------------------

+---------------------------------------------------+-----------------------------------------------------------------------------------------------------------------------------------------------------------------+--------------------------------------------------------------------------------------------------------------------------------------------+------------------+----------------+
|                    Clock Signal                   |                                                                          Enable Signal                                                                          |                                                              Set/Reset Signal                                                              | Slice Load Count | Bel Load Count |
+---------------------------------------------------+-----------------------------------------------------------------------------------------------------------------------------------------------------------------+--------------------------------------------------------------------------------------------------------------------------------------------+------------------+----------------+
|  lab2_block_i/processing_system7_0/inst/FCLK_CLK0 | lab2_block_i/ps7_0_axi_periph/s00_couplers/auto_pc/inst/gen_axilite.gen_b2s_conv.axilite_b2s/WR.b_channel_0/bid_fifo_0/bresp_push                               |                                                                                                                                            |                1 |              2 |
|  lab2_block_i/processing_system7_0/inst/FCLK_CLK0 | lab2_block_i/sw_8bit/U0/AXI_LITE_IPIF_I/I_SLAVE_ATTACHMENT/bus2ip_addr_i[8]_i_1_n_0                                                                             | lab2_block_i/sw_8bit/U0/AXI_LITE_IPIF_I/I_SLAVE_ATTACHMENT/SR                                                                              |                1 |              4 |
|  lab2_block_i/processing_system7_0/inst/FCLK_CLK0 | lab2_block_i/ps7_0_axi_periph/s00_couplers/auto_pc/inst/gen_axilite.gen_b2s_conv.axilite_b2s/WR.aw_channel_0/aw_cmd_fsm_0/axaddr_wrap_reg[0]                    | lab2_block_i/ps7_0_axi_periph/s00_couplers/auto_pc/inst/gen_axilite.gen_b2s_conv.axilite_b2s/WR.aw_channel_0/aw_cmd_fsm_0/axlen_cnt_reg[7] |                2 |              4 |
|  lab2_block_i/processing_system7_0/inst/FCLK_CLK0 | lab2_block_i/ps7_0_axi_periph/s00_couplers/auto_pc/inst/gen_axilite.gen_b2s_conv.axilite_b2s/RD.ar_channel_0/ar_cmd_fsm_0/axlen_cnt_reg[4][0]                   | lab2_block_i/ps7_0_axi_periph/s00_couplers/auto_pc/inst/gen_axilite.gen_b2s_conv.axilite_b2s/RD.ar_channel_0/ar_cmd_fsm_0/axlen_cnt_reg[7] |                1 |              4 |
|  lab2_block_i/processing_system7_0/inst/FCLK_CLK0 |                                                                                                                                                                 | lab2_block_i/sw_8bit/U0/AXI_LITE_IPIF_I/I_SLAVE_ATTACHMENT/clear                                                                           |                1 |              4 |
|  lab2_block_i/processing_system7_0/inst/FCLK_CLK0 |                                                                                                                                                                 | lab2_block_i/ps7_0_axi_periph/s00_couplers/auto_pc/inst/gen_axilite.gen_b2s_conv.axilite_b2s/SI_REG/aw_pipe/s_ready_i_reg_0                |                3 |              4 |
|  lab2_block_i/processing_system7_0/inst/FCLK_CLK0 |                                                                                                                                                                 | lab2_block_i/btns_5bit/U0/AXI_LITE_IPIF_I/I_SLAVE_ATTACHMENT/clear                                                                         |                1 |              4 |
|  lab2_block_i/processing_system7_0/inst/FCLK_CLK0 |                                                                                                                                                                 | lab2_block_i/ps7_0_axi_periph/s00_couplers/auto_pc/inst/gen_axilite.gen_b2s_conv.axilite_b2s/SI_REG/ar_pipe/m_valid_i_reg_0                |                3 |              4 |
|  lab2_block_i/processing_system7_0/inst/FCLK_CLK0 |                                                                                                                                                                 | lab2_block_i/rst_ps7_0_100M/U0/EXT_LPF/lpf_int                                                                                             |                3 |              5 |
|  lab2_block_i/processing_system7_0/inst/FCLK_CLK0 | lab2_block_i/btns_5bit/U0/AXI_LITE_IPIF_I/I_SLAVE_ATTACHMENT/I_DECODER/E[0]                                                                                     | lab2_block_i/btns_5bit/U0/bus2ip_reset                                                                                                     |                2 |              5 |
|  lab2_block_i/processing_system7_0/inst/FCLK_CLK0 |                                                                                                                                                                 | lab2_block_i/btns_5bit/U0/AXI_LITE_IPIF_I/I_SLAVE_ATTACHMENT/I_DECODER/Read_Reg_Rst                                                        |                2 |              5 |
|  lab2_block_i/processing_system7_0/inst/FCLK_CLK0 | lab2_block_i/btns_5bit/U0/AXI_LITE_IPIF_I/I_SLAVE_ATTACHMENT/s_axi_rdata_i                                                                                      | lab2_block_i/btns_5bit/U0/bus2ip_reset                                                                                                     |                1 |              6 |
|  lab2_block_i/processing_system7_0/inst/FCLK_CLK0 | lab2_block_i/rst_ps7_0_100M/U0/SEQ/seq_cnt_en                                                                                                                   | lab2_block_i/rst_ps7_0_100M/U0/SEQ/SEQ_COUNTER/clear                                                                                       |                1 |              6 |
|  lab2_block_i/processing_system7_0/inst/FCLK_CLK0 | lab2_block_i/btns_5bit/U0/AXI_LITE_IPIF_I/I_SLAVE_ATTACHMENT/start2_i_1_n_0                                                                                     | lab2_block_i/btns_5bit/U0/bus2ip_reset                                                                                                     |                1 |              8 |
|  lab2_block_i/processing_system7_0/inst/FCLK_CLK0 | lab2_block_i/sw_8bit/U0/AXI_LITE_IPIF_I/I_SLAVE_ATTACHMENT/s_axi_rdata_i[7]_i_1_n_0                                                                             | lab2_block_i/sw_8bit/U0/AXI_LITE_IPIF_I/I_SLAVE_ATTACHMENT/SR                                                                              |                1 |              8 |
|  lab2_block_i/processing_system7_0/inst/FCLK_CLK0 | lab2_block_i/ps7_0_axi_periph/s00_couplers/auto_pc/inst/gen_axilite.gen_b2s_conv.axilite_b2s/WR.b_channel_0/mhandshake_r                                        | lab2_block_i/ps7_0_axi_periph/s00_couplers/auto_pc/inst/gen_axilite.gen_b2s_conv.axilite_b2s/WR.b_channel_0/bid_fifo_0/SR[0]               |                3 |              8 |
|  lab2_block_i/processing_system7_0/inst/FCLK_CLK0 | lab2_block_i/led_ip_0/inst/led_ip_v1_0_S_AXI_inst/slv_reg0[7]_i_1_n_0                                                                                           | lab2_block_i/led_ip_0/inst/led_ip_v1_0_S_AXI_inst/U1/System/gray_Nbits/state_reg[0]_0                                                      |                1 |              8 |
|  lab2_block_i/processing_system7_0/inst/FCLK_CLK0 | lab2_block_i/led_ip_0/inst/led_ip_v1_0_S_AXI_inst/slv_reg2[15]_i_1_n_0                                                                                          | lab2_block_i/led_ip_0/inst/led_ip_v1_0_S_AXI_inst/U1/System/gray_Nbits/state_reg[0]_0                                                      |                1 |              8 |
|  lab2_block_i/processing_system7_0/inst/FCLK_CLK0 | lab2_block_i/led_ip_0/inst/led_ip_v1_0_S_AXI_inst/slv_reg2[31]_i_1_n_0                                                                                          | lab2_block_i/led_ip_0/inst/led_ip_v1_0_S_AXI_inst/U1/System/gray_Nbits/state_reg[0]_0                                                      |                1 |              8 |
|  lab2_block_i/processing_system7_0/inst/FCLK_CLK0 | lab2_block_i/led_ip_0/inst/led_ip_v1_0_S_AXI_inst/slv_reg2[7]_i_1_n_0                                                                                           | lab2_block_i/led_ip_0/inst/led_ip_v1_0_S_AXI_inst/U1/System/gray_Nbits/state_reg[0]_0                                                      |                1 |              8 |
|  lab2_block_i/processing_system7_0/inst/FCLK_CLK0 | lab2_block_i/led_ip_0/inst/led_ip_v1_0_S_AXI_inst/slv_reg3[15]_i_1_n_0                                                                                          | lab2_block_i/led_ip_0/inst/led_ip_v1_0_S_AXI_inst/U1/System/gray_Nbits/state_reg[0]_0                                                      |                1 |              8 |
|  lab2_block_i/processing_system7_0/inst/FCLK_CLK0 | lab2_block_i/led_ip_0/inst/led_ip_v1_0_S_AXI_inst/slv_reg3[31]_i_1_n_0                                                                                          | lab2_block_i/led_ip_0/inst/led_ip_v1_0_S_AXI_inst/U1/System/gray_Nbits/state_reg[0]_0                                                      |                1 |              8 |
|  lab2_block_i/processing_system7_0/inst/FCLK_CLK0 | lab2_block_i/led_ip_0/inst/led_ip_v1_0_S_AXI_inst/slv_reg2[23]_i_1_n_0                                                                                          | lab2_block_i/led_ip_0/inst/led_ip_v1_0_S_AXI_inst/U1/System/gray_Nbits/state_reg[0]_0                                                      |                2 |              8 |
|  lab2_block_i/processing_system7_0/inst/FCLK_CLK0 | lab2_block_i/led_ip_0/inst/led_ip_v1_0_S_AXI_inst/slv_reg3[7]_i_1_n_0                                                                                           | lab2_block_i/led_ip_0/inst/led_ip_v1_0_S_AXI_inst/U1/System/gray_Nbits/state_reg[0]_0                                                      |                1 |              8 |
|  lab2_block_i/processing_system7_0/inst/FCLK_CLK0 |                                                                                                                                                                 | lab2_block_i/sw_8bit/U0/AXI_LITE_IPIF_I/I_SLAVE_ATTACHMENT/I_DECODER/Not_Dual.ALLIN1_ND.READ_REG_GEN[0].GPIO_DBus_i_reg[24]                |                3 |              8 |
|  lab2_block_i/processing_system7_0/inst/FCLK_CLK0 | lab2_block_i/led_ip_0/inst/led_ip_v1_0_S_AXI_inst/slv_reg3[23]_i_1_n_0                                                                                          | lab2_block_i/led_ip_0/inst/led_ip_v1_0_S_AXI_inst/U1/System/gray_Nbits/state_reg[0]_0                                                      |                2 |              8 |
|  lab2_block_i/processing_system7_0/inst/FCLK_CLK0 | lab2_block_i/sw_8bit/U0/AXI_LITE_IPIF_I/I_SLAVE_ATTACHMENT/I_DECODER/Not_Dual.gpio_OE_reg[0][0]                                                                 | lab2_block_i/sw_8bit/U0/AXI_LITE_IPIF_I/I_SLAVE_ATTACHMENT/SR                                                                              |                2 |              8 |
|  lab2_block_i/processing_system7_0/inst/FCLK_CLK0 | lab2_block_i/ps7_0_axi_periph/s00_couplers/auto_pc/inst/gen_axilite.gen_b2s_conv.axilite_b2s/RD.ar_channel_0/ar_cmd_fsm_0/E[0]                                  |                                                                                                                                            |                5 |             12 |
|  lab2_block_i/processing_system7_0/inst/FCLK_CLK0 | lab2_block_i/ps7_0_axi_periph/s00_couplers/auto_pc/inst/gen_axilite.gen_b2s_conv.axilite_b2s/WR.aw_channel_0/cmd_translator_0/incr_cmd_0/axaddr_incr[0]_i_1_n_0 |                                                                                                                                            |                3 |             12 |
|  lab2_block_i/processing_system7_0/inst/FCLK_CLK0 | lab2_block_i/ps7_0_axi_periph/s00_couplers/auto_pc/inst/gen_axilite.gen_b2s_conv.axilite_b2s/WR.aw_channel_0/aw_cmd_fsm_0/E[0]                                  |                                                                                                                                            |                3 |             12 |
|  lab2_block_i/processing_system7_0/inst/FCLK_CLK0 | lab2_block_i/ps7_0_axi_periph/s00_couplers/auto_pc/inst/gen_axilite.gen_b2s_conv.axilite_b2s/RD.ar_channel_0/ar_cmd_fsm_0/axaddr_incr_reg[11]                   |                                                                                                                                            |                3 |             12 |
|  lab2_block_i/processing_system7_0/inst/FCLK_CLK0 |                                                                                                                                                                 | lab2_block_i/ps7_0_axi_periph/xbar/inst/gen_sasd.crossbar_sasd_0/addr_arbiter_inst/SR[0]                                                   |                6 |             13 |
|  lab2_block_i/processing_system7_0/inst/FCLK_CLK0 | lab2_block_i/ps7_0_axi_periph/s00_couplers/auto_pc/inst/gen_axilite.gen_b2s_conv.axilite_b2s/RD.r_channel_0/r_push_r                                            |                                                                                                                                            |                4 |             13 |
|  lab2_block_i/processing_system7_0/inst/FCLK_CLK0 | lab2_block_i/ps7_0_axi_periph/s00_couplers/auto_pc/inst/gen_axilite.gen_b2s_conv.axilite_b2s/SI_REG/b_pipe/skid_buffer_reg[0]_0                                 |                                                                                                                                            |                2 |             14 |
|  lab2_block_i/processing_system7_0/inst/FCLK_CLK0 | lab2_block_i/ps7_0_axi_periph/s00_couplers/auto_pc/inst/gen_axilite.gen_b2s_conv.axilite_b2s/SI_REG/b_pipe/p_1_in                                               |                                                                                                                                            |                2 |             14 |
|  lab2_block_i/processing_system7_0/inst/FCLK_CLK0 | lab2_block_i/ps7_0_axi_periph/s00_couplers/auto_pc/inst/gen_axilite.gen_b2s_conv.axilite_b2s/WR.aw_channel_0/aw_cmd_fsm_0/b_push                                |                                                                                                                                            |                3 |             16 |
|  lab2_block_i/processing_system7_0/inst/FCLK_CLK0 | lab2_block_i/btns_5bit/U0/AXI_LITE_IPIF_I/I_SLAVE_ATTACHMENT/start2                                                                                             | lab2_block_i/btns_5bit/U0/AXI_LITE_IPIF_I/I_SLAVE_ATTACHMENT/I_DECODER/GEN_BKEND_CE_REGISTERS[19].ce_out_i[19]_i_1_n_0                     |                6 |             17 |
|  lab2_block_i/processing_system7_0/inst/FCLK_CLK0 |                                                                                                                                                                 | lab2_block_i/sw_8bit/U0/AXI_LITE_IPIF_I/I_SLAVE_ATTACHMENT/SR                                                                              |                6 |             19 |
|  lab2_block_i/processing_system7_0/inst/FCLK_CLK0 |                                                                                                                                                                 | lab2_block_i/led_ip_0/inst/led_ip_v1_0_S_AXI_inst/U1/System/gray_Nbits/state_reg[0]_0                                                      |                7 |             21 |
|  lab2_block_i/processing_system7_0/inst/FCLK_CLK0 | lab2_block_i/ps7_0_axi_periph/s00_couplers/auto_pc/inst/gen_axilite.gen_b2s_conv.axilite_b2s/RD.ar_channel_0/ar_cmd_fsm_0/axlen_cnt_reg[4][0]                   |                                                                                                                                            |                9 |             21 |
|  lab2_block_i/processing_system7_0/inst/FCLK_CLK0 | lab2_block_i/ps7_0_axi_periph/s00_couplers/auto_pc/inst/gen_axilite.gen_b2s_conv.axilite_b2s/WR.aw_channel_0/aw_cmd_fsm_0/axaddr_wrap_reg[0]                    |                                                                                                                                            |                8 |             21 |
|  lab2_block_i/processing_system7_0/inst/FCLK_CLK0 | lab2_block_i/ps7_0_axi_periph/xbar/inst/gen_sasd.crossbar_sasd_0/addr_arbiter_inst/p_0_in1_in                                                                   | lab2_block_i/ps7_0_axi_periph/xbar/inst/gen_sasd.crossbar_sasd_0/addr_arbiter_inst/SR[0]                                                   |                8 |             23 |
|  lab2_block_i/processing_system7_0/inst/FCLK_CLK0 | lab2_block_i/led_ip_0/inst/led_ip_v1_0_S_AXI_inst/slv_reg_rden__0                                                                                               | lab2_block_i/led_ip_0/inst/led_ip_v1_0_S_AXI_inst/U1/System/gray_Nbits/state_reg[0]_0                                                      |               11 |             32 |
|  lab2_block_i/processing_system7_0/inst/FCLK_CLK0 | lab2_block_i/ps7_0_axi_periph/xbar/inst/gen_sasd.crossbar_sasd_0/reg_slice_r/aa_rready                                                                          |                                                                                                                                            |                6 |             32 |
|  lab2_block_i/processing_system7_0/inst/FCLK_CLK0 | lab2_block_i/ps7_0_axi_periph/s00_couplers/auto_pc/inst/gen_axilite.gen_b2s_conv.axilite_b2s/RD.r_channel_0/rd_data_fifo_0/wr_en0                               |                                                                                                                                            |               10 |             34 |
|  lab2_block_i/processing_system7_0/inst/FCLK_CLK0 | lab2_block_i/ps7_0_axi_periph/xbar/inst/gen_sasd.crossbar_sasd_0/addr_arbiter_inst/E[0]                                                                         |                                                                                                                                            |                8 |             35 |
|  lab2_block_i/processing_system7_0/inst/FCLK_CLK0 |                                                                                                                                                                 | lab2_block_i/btns_5bit/U0/bus2ip_reset                                                                                                     |               10 |             37 |
|  lab2_block_i/processing_system7_0/inst/FCLK_CLK0 | lab2_block_i/ps7_0_axi_periph/s00_couplers/auto_pc/inst/gen_axilite.gen_b2s_conv.axilite_b2s/SI_REG/r_pipe/p_1_in                                               |                                                                                                                                            |                7 |             47 |
|  lab2_block_i/processing_system7_0/inst/FCLK_CLK0 | lab2_block_i/ps7_0_axi_periph/s00_couplers/auto_pc/inst/gen_axilite.gen_b2s_conv.axilite_b2s/SI_REG/r_pipe/skid_buffer_reg[0]_0                                 |                                                                                                                                            |               10 |             47 |
|  lab2_block_i/processing_system7_0/inst/FCLK_CLK0 | lab2_block_i/ps7_0_axi_periph/s00_couplers/auto_pc/inst/gen_axilite.gen_b2s_conv.axilite_b2s/SI_REG/aw_pipe/s_axi_awready                                       |                                                                                                                                            |                9 |             48 |
|  lab2_block_i/processing_system7_0/inst/FCLK_CLK0 | lab2_block_i/ps7_0_axi_periph/s00_couplers/auto_pc/inst/gen_axilite.gen_b2s_conv.axilite_b2s/SI_REG/ar_pipe/s_axi_arready                                       |                                                                                                                                            |                8 |             48 |
|  lab2_block_i/processing_system7_0/inst/FCLK_CLK0 | lab2_block_i/ps7_0_axi_periph/s00_couplers/auto_pc/inst/gen_axilite.gen_b2s_conv.axilite_b2s/RD.ar_channel_0/ar_cmd_fsm_0/m_payload_i_reg[0]_1[0]               |                                                                                                                                            |                8 |             48 |
|  lab2_block_i/processing_system7_0/inst/FCLK_CLK0 | lab2_block_i/ps7_0_axi_periph/s00_couplers/auto_pc/inst/gen_axilite.gen_b2s_conv.axilite_b2s/WR.aw_channel_0/aw_cmd_fsm_0/m_payload_i_reg[0][0]                 |                                                                                                                                            |                7 |             48 |
|  lab2_block_i/processing_system7_0/inst/FCLK_CLK0 |                                                                                                                                                                 | lab2_block_i/ps7_0_axi_periph/s00_couplers/auto_pc/inst/gen_axilite.gen_b2s_conv.axilite_b2s/areset_d1                                     |               13 |             56 |
|  lab2_block_i/processing_system7_0/inst/FCLK_CLK0 |                                                                                                                                                                 |                                                                                                                                            |               65 |            193 |
+---------------------------------------------------+-----------------------------------------------------------------------------------------------------------------------------------------------------------------+--------------------------------------------------------------------------------------------------------------------------------------------+------------------+----------------+


+--------+-----------------------+
| Fanout | Number of ControlSets |
+--------+-----------------------+
| 2      |                     1 |
| 4      |                     7 |
| 5      |                     3 |
| 6      |                     2 |
| 8      |                    14 |
| 12     |                     4 |
| 13     |                     2 |
| 14     |                     2 |
| 16+    |                    20 |
+--------+-----------------------+


