Copyright 1986-2017 Xilinx, Inc. All Rights Reserved.
------------------------------------------------------------------------------------
| Tool Version : Vivado v.2017.2 (lin64) Build 1909853 Thu Jun 15 18:39:10 MDT 2017
| Date         : Sat Mar 30 18:04:45 2019
| Host         : linux-e4n3 running 64-bit openSUSE Leap 42.2
| Command      : upgrade_ip
| Device       : xc7z020clg484-1
------------------------------------------------------------------------------------

Upgrade Log for IP 'lab2_block_led_ip_0_0'

1. Summary
----------

SUCCESS in the upgrade of lab2_block_led_ip_0_0 (user.org:user:led_ip:1.0) from (Rev. 21) to (Rev. 22)






Copyright 1986-2017 Xilinx, Inc. All Rights Reserved.
------------------------------------------------------------------------------------
| Tool Version : Vivado v.2017.2 (lin64) Build 1909853 Thu Jun 15 18:39:10 MDT 2017
| Date         : Sat Mar 30 17:50:01 2019
| Host         : linux-e4n3 running 64-bit openSUSE Leap 42.2
| Command      : upgrade_ip
| Device       : xc7z020clg484-1
------------------------------------------------------------------------------------

Upgrade Log for IP 'lab2_block_led_ip_0_0'

1. Summary
----------

SUCCESS in the upgrade of lab2_block_led_ip_0_0 (user.org:user:led_ip:1.0) from (Rev. 20) to (Rev. 21)






Copyright 1986-2017 Xilinx, Inc. All Rights Reserved.
------------------------------------------------------------------------------------
| Tool Version : Vivado v.2017.2 (lin64) Build 1909853 Thu Jun 15 18:39:10 MDT 2017
| Date         : Sat Mar 30 17:32:28 2019
| Host         : linux-e4n3 running 64-bit openSUSE Leap 42.2
| Command      : upgrade_ip
| Device       : xc7z020clg484-1
------------------------------------------------------------------------------------

Upgrade Log for IP 'lab2_block_led_ip_0_0'

1. Summary
----------

SUCCESS in the upgrade of lab2_block_led_ip_0_0 (user.org:user:led_ip:1.0) from (Rev. 19) to (Rev. 20)






Copyright 1986-2017 Xilinx, Inc. All Rights Reserved.
------------------------------------------------------------------------------------
| Tool Version : Vivado v.2017.2 (lin64) Build 1909853 Thu Jun 15 18:39:10 MDT 2017
| Date         : Fri Mar 29 17:56:53 2019
| Host         : linux-e4n3 running 64-bit openSUSE Leap 42.2
| Command      : upgrade_ip
| Device       : xc7z020clg484-1
------------------------------------------------------------------------------------

Upgrade Log for IP 'lab2_block_led_ip_0_0'

1. Summary
----------

SUCCESS in the upgrade of lab2_block_led_ip_0_0 (user.org:user:led_ip:1.0) from (Rev. 18) to (Rev. 19)






Copyright 1986-2017 Xilinx, Inc. All Rights Reserved.
------------------------------------------------------------------------------------
| Tool Version : Vivado v.2017.2 (lin64) Build 1909853 Thu Jun 15 18:39:10 MDT 2017
| Date         : Fri Mar 29 17:39:14 2019
| Host         : linux-e4n3 running 64-bit openSUSE Leap 42.2
| Command      : upgrade_ip
| Device       : xc7z020clg484-1
------------------------------------------------------------------------------------

Upgrade Log for IP 'lab2_block_led_ip_0_0'

1. Summary
----------

SUCCESS in the upgrade of lab2_block_led_ip_0_0 (user.org:user:led_ip:1.0) from (Rev. 17) to (Rev. 18)






Copyright 1986-2017 Xilinx, Inc. All Rights Reserved.
------------------------------------------------------------------------------------
| Tool Version : Vivado v.2017.2 (lin64) Build 1909853 Thu Jun 15 18:39:10 MDT 2017
| Date         : Fri Mar 29 17:18:03 2019
| Host         : linux-e4n3 running 64-bit openSUSE Leap 42.2
| Command      : upgrade_ip
| Device       : xc7z020clg484-1
------------------------------------------------------------------------------------

Upgrade Log for IP 'lab2_block_led_ip_0_0'

1. Summary
----------

SUCCESS in the upgrade of lab2_block_led_ip_0_0 (user.org:user:led_ip:1.0) from (Rev. 16) to (Rev. 17)






Copyright 1986-2017 Xilinx, Inc. All Rights Reserved.
------------------------------------------------------------------------------------
| Tool Version : Vivado v.2017.2 (lin64) Build 1909853 Thu Jun 15 18:39:10 MDT 2017
| Date         : Fri Mar 29 17:02:28 2019
| Host         : linux-e4n3 running 64-bit openSUSE Leap 42.2
| Command      : upgrade_ip
| Device       : xc7z020clg484-1
------------------------------------------------------------------------------------

Upgrade Log for IP 'lab2_block_led_ip_0_0'

1. Summary
----------

SUCCESS in the upgrade of lab2_block_led_ip_0_0 (user.org:user:led_ip:1.0) from (Rev. 15) to (Rev. 16)






Copyright 1986-2017 Xilinx, Inc. All Rights Reserved.
------------------------------------------------------------------------------------
| Tool Version : Vivado v.2017.2 (lin64) Build 1909853 Thu Jun 15 18:39:10 MDT 2017
| Date         : Fri Mar 29 16:51:24 2019
| Host         : linux-e4n3 running 64-bit openSUSE Leap 42.2
| Command      : upgrade_ip
| Device       : xc7z020clg484-1
------------------------------------------------------------------------------------

Upgrade Log for IP 'lab2_block_led_ip_0_0'

1. Summary
----------

SUCCESS in the upgrade of lab2_block_led_ip_0_0 (user.org:user:led_ip:1.0) from (Rev. 14) to (Rev. 15)






Copyright 1986-2017 Xilinx, Inc. All Rights Reserved.
------------------------------------------------------------------------------------
| Tool Version : Vivado v.2017.2 (lin64) Build 1909853 Thu Jun 15 18:39:10 MDT 2017
| Date         : Fri Mar 29 16:42:11 2019
| Host         : linux-e4n3 running 64-bit openSUSE Leap 42.2
| Command      : upgrade_ip
| Device       : xc7z020clg484-1
------------------------------------------------------------------------------------

Upgrade Log for IP 'lab2_block_led_ip_0_0'

1. Summary
----------

SUCCESS in the upgrade of lab2_block_led_ip_0_0 (user.org:user:led_ip:1.0) from (Rev. 13) to (Rev. 14)






Copyright 1986-2017 Xilinx, Inc. All Rights Reserved.
------------------------------------------------------------------------------------
| Tool Version : Vivado v.2017.2 (lin64) Build 1909853 Thu Jun 15 18:39:10 MDT 2017
| Date         : Fri Mar 29 16:21:21 2019
| Host         : linux-e4n3 running 64-bit openSUSE Leap 42.2
| Command      : upgrade_ip
| Device       : xc7z020clg484-1
------------------------------------------------------------------------------------

Upgrade Log for IP 'lab2_block_led_ip_0_0'

1. Summary
----------

SUCCESS in the upgrade of lab2_block_led_ip_0_0 (user.org:user:led_ip:1.0) from (Rev. 12) to (Rev. 13)






Copyright 1986-2017 Xilinx, Inc. All Rights Reserved.
------------------------------------------------------------------------------------
| Tool Version : Vivado v.2017.2 (lin64) Build 1909853 Thu Jun 15 18:39:10 MDT 2017
| Date         : Fri Mar 29 16:13:12 2019
| Host         : linux-e4n3 running 64-bit openSUSE Leap 42.2
| Command      : upgrade_ip
| Device       : xc7z020clg484-1
------------------------------------------------------------------------------------

Upgrade Log for IP 'lab2_block_led_ip_0_0'

1. Summary
----------

SUCCESS in the upgrade of lab2_block_led_ip_0_0 (user.org:user:led_ip:1.0) from (Rev. 11) to (Rev. 12)






Copyright 1986-2017 Xilinx, Inc. All Rights Reserved.
------------------------------------------------------------------------------------
| Tool Version : Vivado v.2017.2 (lin64) Build 1909853 Thu Jun 15 18:39:10 MDT 2017
| Date         : Fri Mar 29 15:43:28 2019
| Host         : linux-e4n3 running 64-bit openSUSE Leap 42.2
| Command      : upgrade_ip
| Device       : xc7z020clg484-1
------------------------------------------------------------------------------------

Upgrade Log for IP 'lab2_block_led_ip_0_0'

1. Summary
----------

SUCCESS in the upgrade of lab2_block_led_ip_0_0 (user.org:user:led_ip:1.0) from (Rev. 10) to (Rev. 11)






Copyright 1986-2017 Xilinx, Inc. All Rights Reserved.
------------------------------------------------------------------------------------
| Tool Version : Vivado v.2017.2 (lin64) Build 1909853 Thu Jun 15 18:39:10 MDT 2017
| Date         : Fri Mar 29 15:09:19 2019
| Host         : linux-e4n3 running 64-bit openSUSE Leap 42.2
| Command      : upgrade_ip
| Device       : xc7z020clg484-1
------------------------------------------------------------------------------------

Upgrade Log for IP 'lab2_block_led_ip_0_0'

1. Summary
----------

SUCCESS in the upgrade of lab2_block_led_ip_0_0 (user.org:user:led_ip:1.0) from (Rev. 8) to (Rev. 10)






Copyright 1986-2017 Xilinx, Inc. All Rights Reserved.
------------------------------------------------------------------------------------
| Tool Version : Vivado v.2017.2 (lin64) Build 1909853 Thu Jun 15 18:39:10 MDT 2017
| Date         : Thu Mar 28 20:41:32 2019
| Host         : linux-e4n3 running 64-bit openSUSE Leap 42.2
| Command      : upgrade_ip
| Device       : xc7z020clg484-1
------------------------------------------------------------------------------------

Upgrade Log for IP 'lab2_block_led_ip_0_0'

1. Summary
----------

SUCCESS in the upgrade of lab2_block_led_ip_0_0 (user.org:user:led_ip:1.0) from (Rev. 7) to (Rev. 8)






Copyright 1986-2017 Xilinx, Inc. All Rights Reserved.
------------------------------------------------------------------------------------
| Tool Version : Vivado v.2017.2 (lin64) Build 1909853 Thu Jun 15 18:39:10 MDT 2017
| Date         : Thu Mar 28 20:30:02 2019
| Host         : linux-e4n3 running 64-bit openSUSE Leap 42.2
| Command      : upgrade_ip
| Device       : xc7z020clg484-1
------------------------------------------------------------------------------------

Upgrade Log for IP 'lab2_block_led_ip_0_0'

1. Summary
----------

SUCCESS in the upgrade of lab2_block_led_ip_0_0 (user.org:user:led_ip:1.0) from (Rev. 6) to (Rev. 7)






Copyright 1986-2017 Xilinx, Inc. All Rights Reserved.
------------------------------------------------------------------------------------
| Tool Version : Vivado v.2017.2 (lin64) Build 1909853 Thu Jun 15 18:39:10 MDT 2017
| Date         : Thu Mar 28 19:59:07 2019
| Host         : linux-e4n3 running 64-bit openSUSE Leap 42.2
| Command      : upgrade_ip
| Device       : xc7z020clg484-1
------------------------------------------------------------------------------------

Upgrade Log for IP 'lab2_block_led_ip_0_0'

1. Summary
----------

SUCCESS in the upgrade of lab2_block_led_ip_0_0 (user.org:user:led_ip:1.0) from (Rev. 5) to (Rev. 6)






Copyright 1986-2017 Xilinx, Inc. All Rights Reserved.
------------------------------------------------------------------------------------
| Tool Version : Vivado v.2017.2 (lin64) Build 1909853 Thu Jun 15 18:39:10 MDT 2017
| Date         : Thu Mar 28 19:49:05 2019
| Host         : linux-e4n3 running 64-bit openSUSE Leap 42.2
| Command      : upgrade_ip
| Device       : xc7z020clg484-1
------------------------------------------------------------------------------------

Upgrade Log for IP 'lab2_block_led_ip_0_0'

1. Summary
----------

SUCCESS in the upgrade of lab2_block_led_ip_0_0 (user.org:user:led_ip:1.0) from (Rev. 3) to (Rev. 5)






Copyright 1986-2017 Xilinx, Inc. All Rights Reserved.
------------------------------------------------------------------------------------
| Tool Version : Vivado v.2017.2 (lin64) Build 1909853 Thu Jun 15 18:39:10 MDT 2017
| Date         : Thu Mar 28 19:38:49 2019
| Host         : linux-e4n3 running 64-bit openSUSE Leap 42.2
| Command      : upgrade_ip
| Device       : xc7z020clg484-1
------------------------------------------------------------------------------------

Upgrade Log for IP 'lab2_block_led_ip_0_0'

1. Summary
----------

SUCCESS in the upgrade of lab2_block_led_ip_0_0 (user.org:user:led_ip:1.0) from (Rev. 2) to (Rev. 3)






Copyright 1986-2017 Xilinx, Inc. All Rights Reserved.
------------------------------------------------------------------------------------
| Tool Version : Vivado v.2017.2 (lin64) Build 1909853 Thu Jun 15 18:39:10 MDT 2017
| Date         : Thu Mar 28 19:17:36 2019
| Host         : linux-e4n3 running 64-bit openSUSE Leap 42.2
| Command      : upgrade_ip
| Device       : xc7z020clg484-1
------------------------------------------------------------------------------------

Upgrade Log for IP 'lab2_block_led_ip_0_0'

1. Summary
----------

SUCCESS in the upgrade of lab2_block_led_ip_0_0 (user.org:user:led_ip:1.0) from (Rev. 3) to (Rev. 2)

