18:20:45 INFO  : Registering command handlers for SDK TCF services
18:20:49 INFO  : Launching XSCT server: xsct -n -interactive /home/inf2015/dchristodoulou/CE435/LAB3/Part3_new/project_3.sdk/temp_xsdb_launch_script.tcl
18:20:50 INFO  : XSCT server has started successfully.
18:20:50 INFO  : Successfully done setting XSCT server connection channel  
18:20:50 INFO  : Successfully done setting SDK workspace  
18:20:50 INFO  : Processing command line option -hwspec /home/inf2015/dchristodoulou/CE435/LAB3/Part3_new/project_3.sdk/lab2_block_wrapper.hdf.
18:22:32 INFO  : Connected to target on host '127.0.0.1' and port '3121'.
18:22:38 INFO  : 'targets -set -filter {jtag_cable_name =~ "Digilent Zed 210248650934" && level==0} -index 1' command is executed.
18:22:40 INFO  : FPGA configured successfully with bitstream "/home/inf2015/dchristodoulou/CE435/LAB3/Part3_new/project_3.sdk/lab2_block_wrapper_hw_platform_0/lab2_block_wrapper.bit"
18:23:05 INFO  : ps7_init is completed.
18:23:05 INFO  : ps7_post_config is completed.
18:23:06 INFO  : Processor reset is completed for ps7_cortexa9_0
18:25:56 INFO  : Connected to target on host '127.0.0.1' and port '3121'.
18:25:56 INFO  : 'targets -set -filter {jtag_cable_name =~ "Digilent Zed 210248650934" && level==0} -index 1' command is executed.
18:25:58 INFO  : FPGA configured successfully with bitstream "/home/inf2015/dchristodoulou/CE435/LAB3/Part3_new/project_3.sdk/lab2_block_wrapper_hw_platform_0/lab2_block_wrapper.bit"
18:26:04 INFO  : ps7_cortexa9_0 Processor is in use. Please stop existing Run or Debug sessions before launching.
18:26:09 INFO  : FPGA Cable Disconnected. All active launches will be terminated.
18:26:09 ERROR : Unexpected error while launching program.
java.lang.IllegalStateException: Cannot connect to processor before Hardware Platform has been specified
	at com.xilinx.sdk.targetmanager.internal.TM.connectToProcessor(TM.java:432)
	at com.xilinx.sdk.debug.core.XilinxAppLaunchConfigurationDelegate.runTargetSetup(XilinxAppLaunchConfigurationDelegate.java:503)
	at com.xilinx.sdk.debug.core.XilinxAppLaunchConfigurationDelegate.runApplication(XilinxAppLaunchConfigurationDelegate.java:616)
	at com.xilinx.sdk.debug.core.XilinxAppLaunchConfigurationDelegate.launch(XilinxAppLaunchConfigurationDelegate.java:309)
	at com.xilinx.sdk.debug.ui.XilinxAppLaunchDelegateWrapper.launch(XilinxAppLaunchDelegateWrapper.java:31)
	at org.eclipse.debug.internal.core.LaunchConfiguration.launch(LaunchConfiguration.java:885)
	at org.eclipse.debug.internal.core.LaunchConfiguration.launch(LaunchConfiguration.java:739)
	at org.eclipse.debug.internal.ui.DebugUIPlugin.buildAndLaunch(DebugUIPlugin.java:1039)
	at org.eclipse.debug.internal.ui.DebugUIPlugin$8.run(DebugUIPlugin.java:1256)
	at org.eclipse.core.internal.jobs.Worker.run(Worker.java:55)
18:26:23 INFO  : Connected to target on host '127.0.0.1' and port '3121'.
18:26:23 INFO  : 'targets -set -filter {jtag_cable_name =~ "Digilent Zed 210248650934" && level==0} -index 1' command is executed.
18:26:26 INFO  : FPGA configured successfully with bitstream "/home/inf2015/dchristodoulou/CE435/LAB3/Part3_new/project_3.sdk/lab2_block_wrapper_hw_platform_0/lab2_block_wrapper.bit"
18:26:38 INFO  : Connected to target on host '127.0.0.1' and port '3121'.
18:26:38 INFO  : 'targets -set -filter {jtag_cable_name =~ "Digilent Zed 210248650934" && level==0} -index 1' command is executed.
18:26:40 INFO  : FPGA configured successfully with bitstream "/home/inf2015/dchristodoulou/CE435/LAB3/Part3_new/project_3.sdk/lab2_block_wrapper_hw_platform_0/lab2_block_wrapper.bit"
18:26:49 INFO  : ps7_init is completed.
18:26:49 INFO  : ps7_post_config is completed.
18:26:49 INFO  : Processor reset is completed for ps7_cortexa9_0
18:28:12 INFO  : Connected to target on host '127.0.0.1' and port '3121'.
18:28:12 INFO  : 'targets -set -filter {jtag_cable_name =~ "Digilent Zed 210248650934" && level==0} -index 1' command is executed.
18:28:14 INFO  : FPGA configured successfully with bitstream "/home/inf2015/dchristodoulou/CE435/LAB3/Part3_new/project_3.sdk/lab2_block_wrapper_hw_platform_0/lab2_block_wrapper.bit"
18:28:22 INFO  : Connected to target on host '127.0.0.1' and port '3121'.
18:28:22 INFO  : 'targets -set -filter {jtag_cable_name =~ "Digilent Zed 210248650934" && level==0} -index 1' command is executed.
18:28:25 INFO  : FPGA configured successfully with bitstream "/home/inf2015/dchristodoulou/CE435/LAB3/Part3_new/project_3.sdk/lab2_block_wrapper_hw_platform_0/lab2_block_wrapper.bit"
18:28:34 INFO  : ps7_init is completed.
18:28:35 INFO  : ps7_post_config is completed.
18:28:35 INFO  : Processor reset is completed for ps7_cortexa9_0
18:29:47 ERROR : Unexpected error while parsing XMD response ￿: com.google.gson.JsonSyntaxException: com.google.gson.stream.MalformedJsonException: invalid number or unquoted string near 
19:28:05 INFO  : Registering command handlers for SDK TCF services
19:28:06 INFO  : Launching XSCT server: xsct -n -interactive /home/inf2015/dchristodoulou/CE435/LAB3/Part3_new/project_3.sdk/temp_xsdb_launch_script.tcl
19:28:07 INFO  : XSCT server has started successfully.
19:28:08 INFO  : Successfully done setting XSCT server connection channel  
19:28:08 INFO  : Processing command line option -hwspec /home/inf2015/dchristodoulou/CE435/LAB3/Part3_new/project_3.sdk/lab2_block_wrapper.hdf.
19:28:08 INFO  : Successfully done setting SDK workspace  
19:28:08 INFO  : Checking for hwspec changes in the project lab2_block_wrapper_hw_platform_0.
19:30:04 INFO  : Connected to target on host '127.0.0.1' and port '3121'.
19:30:04 INFO  : 'targets -set -filter {jtag_cable_name =~ "Digilent Zed 210248A49BD0" && level==0} -index 1' command is executed.
19:30:10 INFO  : FPGA configured successfully with bitstream "/home/inf2015/dchristodoulou/CE435/LAB3/Part3_new/project_3.sdk/lab2_block_wrapper_hw_platform_0/lab2_block_wrapper.bit"
19:30:38 INFO  : ps7_init is completed.
19:30:39 INFO  : ps7_post_config is completed.
19:30:39 INFO  : Processor reset is completed for ps7_cortexa9_0
19:31:45 INFO  : Connected to target on host '127.0.0.1' and port '3121'.
19:31:45 INFO  : 'targets -set -filter {jtag_cable_name =~ "Digilent Zed 210248A49BD0" && level==0} -index 1' command is executed.
19:31:49 INFO  : FPGA configured successfully with bitstream "/home/inf2015/dchristodoulou/CE435/LAB3/Part3_new/project_3.sdk/lab2_block_wrapper_hw_platform_0/lab2_block_wrapper.bit"
19:32:10 INFO  : ps7_init is completed.
19:32:11 INFO  : ps7_post_config is completed.
19:32:11 INFO  : Processor reset is completed for ps7_cortexa9_0
19:32:43 ERROR : Unexpected error while parsing XMD response ￿: com.google.gson.JsonSyntaxException: com.google.gson.stream.MalformedJsonException: invalid number or unquoted string near 
09:43:20 INFO  : Registering command handlers for SDK TCF services
09:43:21 INFO  : Launching XSCT server: xsct -n -interactive /home/inf2015/dchristodoulou/CE435/LAB3/Part3_new/project_3.sdk/temp_xsdb_launch_script.tcl
09:43:22 INFO  : XSCT server has started successfully.
09:43:22 INFO  : Processing command line option -hwspec /home/inf2015/dchristodoulou/CE435/LAB3/Part3_new/project_3.sdk/lab2_block_wrapper.hdf.
09:43:22 INFO  : Successfully done setting XSCT server connection channel  
09:43:22 INFO  : Successfully done setting SDK workspace  
09:43:22 INFO  : Checking for hwspec changes in the project lab2_block_wrapper_hw_platform_0.
09:43:49 INFO  : Connected to target on host '127.0.0.1' and port '3121'.
09:43:49 INFO  : 'targets -set -filter {jtag_cable_name =~ "Digilent Zed 210248650917" && level==0} -index 1' command is executed.
09:43:53 INFO  : FPGA configured successfully with bitstream "/home/inf2015/dchristodoulou/CE435/LAB3/Part3_new/project_3.sdk/lab2_block_wrapper_hw_platform_0/lab2_block_wrapper.bit"
09:44:26 INFO  : ps7_init is completed.
09:44:26 INFO  : ps7_post_config is completed.
09:44:26 INFO  : Processor reset is completed for ps7_cortexa9_0
10:05:54 ERROR : Unexpected error while parsing XMD response ￿: com.google.gson.JsonSyntaxException: com.google.gson.stream.MalformedJsonException: invalid number or unquoted string near 
